     1                                  ;A natural number a (a: dword, defined in the data segment) is given. Read a natural number b from the keyboard and calculate: a + a/b. Display the result of this operation. The values will be displayed in decimal f
     2                                  
     3                                  bits 32 
     4                                  
     5                                  global start        
     6                                  
     7                                  extern exit, printf, scanf               
     8                                  import exit msvcrt.dll  
     9                                  import printf msvcrt.dll
    10                                  import scanf msvcrt.dll  
    11                                                            
    12                                  segment data use32 class=data
    13 00000000 D8FFFFFF                    a dd -40
    14 00000004 0000                        b dw 0
    15 00000006 00000000                    d dd 0
    16 0000000A 466F7220612B612F62-         messager  db "For a+a/b, b=", 0
    16 00000013 2C20623D00         
    17 00000018 612B612F623D256400          messagep  db "a+a/b=%d", 0
    18 00000021 256400                      format  db "%d", 0
    19                                      
    20                                  segment code use32 class=code
    21                                      start:
    22                                          ;reading the natural number b
    23 00000000 68[0A000000]                    push messager 
    24 00000005 FF15[00000000]                  call [printf]
    25 0000000B 83C404                          add ESP, 4
    26 0000000E 68[04000000]                    push dword b
    27 00000013 68[21000000]                    push dword format
    28 00000018 FF15[00000000]                  call [scanf]
    29 0000001E 83C408                          add ESP, 4*2
    30                                          ;a/b
    31 00000021 66A1[00000000]                  mov AX, word [a]
    32 00000027 668B15[02000000]                mov DX, word [a+2]
    33 0000002E 668B1D[04000000]                mov BX, [b]
    34 00000035 66F7FB                          idiv BX
    35                                          ;AX=a/b
    36 00000038 98                              cwde
    37                                          ;EAX=AX=a/b
    38 00000039 0305[00000000]                  add EAX, [a]
    39                                          ;EAX=a+a/b
    40 0000003F A3[06000000]                    mov [d],EAX
    41                                          ;d=a+a/b
    42                                          
    43                                          ;printing the result
    44 00000044 FF35[06000000]                  push dword [d]
    45 0000004A 68[18000000]                    push dword messagep
    46 0000004F FF15[00000000]                  call [printf]
    47 00000055 83C408                          add ESP, 4*2
    48                                          
    49 00000058 6A00                            push    dword 0      
    50 0000005A FF15[00000000]                  call    [exit]       
